0 info it worked if it ends with ok
1 verbose cli [ '/home/ubuntu/.nvm/versions/node/v6.11.2/bin/node',
1 verbose cli   '/home/ubuntu/.nvm/versions/node/v6.11.2/bin/npm',
1 verbose cli   'start' ]
2 info using npm@3.10.10
3 info using node@v6.11.2
4 verbose run-script [ 'prestart', 'start', 'poststart' ]
5 info lifecycle website@0.0.0~prestart: website@0.0.0
6 verbose lifecycle website@0.0.0~prestart: unsafe-perm in lifecycle true
7 verbose lifecycle website@0.0.0~prestart: PATH: /home/ubuntu/.nvm/versions/node/v6.11.2/lib/node_modules/npm/bin/node-gyp-bin:/home/ubuntu/workspace/node_modules/.bin:/home/ubuntu/.nvm/versions/node/v6.11.2/bin:/usr/local/rvm/gems/ruby-2.4.0/bin:/usr/local/rvm/gems/ruby-2.4.0@global/bin:/usr/local/rvm/rubies/ruby-2.4.0/bin:/mnt/shared/bin:/home/ubuntu/workspace/node_modules/.bin:/home/ubuntu/bin:/usr/local/sbin:/usr/local/bin:/usr/sbin:/usr/bin:/sbin:/bin:/mnt/shared/sbin:/opt/gitl:/opt/go/bin:/mnt/shared/c9/app.nw/bin:/usr/local/rvm/bin
8 verbose lifecycle website@0.0.0~prestart: CWD: /home/ubuntu/workspace
9 silly lifecycle website@0.0.0~prestart: Args: [ '-c', 'gulp' ]
10 silly lifecycle website@0.0.0~prestart: Returned: code: 0  signal: null
11 info lifecycle website@0.0.0~start: website@0.0.0
12 verbose lifecycle website@0.0.0~start: unsafe-perm in lifecycle true
13 verbose lifecycle website@0.0.0~start: PATH: /home/ubuntu/.nvm/versions/node/v6.11.2/lib/node_modules/npm/bin/node-gyp-bin:/home/ubuntu/workspace/node_modules/.bin:/home/ubuntu/.nvm/versions/node/v6.11.2/bin:/usr/local/rvm/gems/ruby-2.4.0/bin:/usr/local/rvm/gems/ruby-2.4.0@global/bin:/usr/local/rvm/rubies/ruby-2.4.0/bin:/mnt/shared/bin:/home/ubuntu/workspace/node_modules/.bin:/home/ubuntu/bin:/usr/local/sbin:/usr/local/bin:/usr/sbin:/usr/bin:/sbin:/bin:/mnt/shared/sbin:/opt/gitl:/opt/go/bin:/mnt/shared/c9/app.nw/bin:/usr/local/rvm/bin
14 verbose lifecycle website@0.0.0~start: CWD: /home/ubuntu/workspace
15 silly lifecycle website@0.0.0~start: Args: [ '-c', 'node ./website/bin/www' ]
16 silly lifecycle website@0.0.0~start: Returned: code: 1  signal: null
17 info lifecycle website@0.0.0~start: Failed to exec start script
18 verbose stack Error: website@0.0.0 start: `node ./website/bin/www`
18 verbose stack Exit status 1
18 verbose stack     at EventEmitter.<anonymous> (/home/ubuntu/.nvm/versions/node/v6.11.2/lib/node_modules/npm/lib/utils/lifecycle.js:255:16)
18 verbose stack     at emitTwo (events.js:106:13)
18 verbose stack     at EventEmitter.emit (events.js:191:7)
18 verbose stack     at ChildProcess.<anonymous> (/home/ubuntu/.nvm/versions/node/v6.11.2/lib/node_modules/npm/lib/utils/spawn.js:40:14)
18 verbose stack     at emitTwo (events.js:106:13)
18 verbose stack     at ChildProcess.emit (events.js:191:7)
18 verbose stack     at maybeClose (internal/child_process.js:891:16)
18 verbose stack     at Process.ChildProcess._handle.onexit (internal/child_process.js:226:5)
19 verbose pkgid website@0.0.0
20 verbose cwd /home/ubuntu/workspace/website
21 error Linux 4.9.80-c9
22 error argv "/home/ubuntu/.nvm/versions/node/v6.11.2/bin/node" "/home/ubuntu/.nvm/versions/node/v6.11.2/bin/npm" "start"
23 error node v6.11.2
24 error npm  v3.10.10
25 error code ELIFECYCLE
26 error website@0.0.0 start: `node ./website/bin/www`
26 error Exit status 1
27 error Failed at the website@0.0.0 start script 'node ./website/bin/www'.
27 error Make sure you have the latest version of node.js and npm installed.
27 error If you do, this is most likely a problem with the website package,
27 error not with npm itself.
27 error Tell the author that this fails on your system:
27 error     node ./website/bin/www
27 error You can get information on how to open an issue for this project with:
27 error     npm bugs website
27 error Or if that isn't available, you can get their info via:
27 error     npm owner ls website
27 error There is likely additional logging output above.
28 verbose exit [ 1, true ]
